<?xml version="1.0" encoding="UTF-8"?>
<testsuite xmlns:xsi="http://www.w3.org/2001/XMLSchema-instance" xsi:noNamespaceSchemaLocation="https://maven.apache.org/surefire/maven-surefire-plugin/xsd/surefire-test-report.xsd" name="kr.test.TestApplicationTests" time="2.645" tests="1" errors="0" skipped="0" failures="0">
  <properties>
    <property name="sun.desktop" value="windows"/>
    <property name="awt.toolkit" value="sun.awt.windows.WToolkit"/>
    <property name="java.specification.version" value="11"/>
    <property name="sun.cpu.isalist" value="amd64"/>
    <property name="sun.jnu.encoding" value="Cp1252"/>
    <property name="java.class.path" value="D:\Document\Todo\SpringBootUploadFile\upload_file\target\test-classes;D:\Document\Todo\SpringBootUploadFile\upload_file\target\classes;E:\Program\IDEA\IntelliJ IDEA 2019.3.1\plugins\maven\lib\maven3\repository\org\springframework\boot\spring-boot-starter-thymeleaf\2.2.2.RELEASE\spring-boot-starter-thymeleaf-2.2.2.RELEASE.jar;E:\Program\IDEA\IntelliJ IDEA 2019.3.1\plugins\maven\lib\maven3\repository\org\springframework\boot\spring-boot-starter\2.2.2.RELEASE\spring-boot-starter-2.2.2.RELEASE.jar;E:\Program\IDEA\IntelliJ IDEA 2019.3.1\plugins\maven\lib\maven3\repository\org\springframework\boot\spring-boot-starter-logging\2.2.2.RELEASE\spring-boot-starter-logging-2.2.2.RELEASE.jar;E:\Program\IDEA\IntelliJ IDEA 2019.3.1\plugins\maven\lib\maven3\repository\ch\qos\logback\logback-classic\1.2.3\logback-classic-1.2.3.jar;E:\Program\IDEA\IntelliJ IDEA 2019.3.1\plugins\maven\lib\maven3\repository\ch\qos\logback\logback-core\1.2.3\logback-core-1.2.3.jar;E:\Program\IDEA\IntelliJ IDEA 2019.3.1\plugins\maven\lib\maven3\repository\org\apache\logging\log4j\log4j-to-slf4j\2.12.1\log4j-to-slf4j-2.12.1.jar;E:\Program\IDEA\IntelliJ IDEA 2019.3.1\plugins\maven\lib\maven3\repository\org\apache\logging\log4j\log4j-api\2.12.1\log4j-api-2.12.1.jar;E:\Program\IDEA\IntelliJ IDEA 2019.3.1\plugins\maven\lib\maven3\repository\org\slf4j\jul-to-slf4j\1.7.29\jul-to-slf4j-1.7.29.jar;E:\Program\IDEA\IntelliJ IDEA 2019.3.1\plugins\maven\lib\maven3\repository\org\yaml\snakeyaml\1.25\snakeyaml-1.25.jar;E:\Program\IDEA\IntelliJ IDEA 2019.3.1\plugins\maven\lib\maven3\repository\org\thymeleaf\thymeleaf-spring5\3.0.11.RELEASE\thymeleaf-spring5-3.0.11.RELEASE.jar;E:\Program\IDEA\IntelliJ IDEA 2019.3.1\plugins\maven\lib\maven3\repository\org\thymeleaf\thymeleaf\3.0.11.RELEASE\thymeleaf-3.0.11.RELEASE.jar;E:\Program\IDEA\IntelliJ IDEA 2019.3.1\plugins\maven\lib\maven3\repository\org\attoparser\attoparser\2.0.5.RELEASE\attoparser-2.0.5.RELEASE.jar;E:\Program\IDEA\IntelliJ IDEA 2019.3.1\plugins\maven\lib\maven3\repository\org\unbescape\unbescape\1.1.6.RELEASE\unbescape-1.1.6.RELEASE.jar;E:\Program\IDEA\IntelliJ IDEA 2019.3.1\plugins\maven\lib\maven3\repository\org\slf4j\slf4j-api\1.7.29\slf4j-api-1.7.29.jar;E:\Program\IDEA\IntelliJ IDEA 2019.3.1\plugins\maven\lib\maven3\repository\org\thymeleaf\extras\thymeleaf-extras-java8time\3.0.4.RELEASE\thymeleaf-extras-java8time-3.0.4.RELEASE.jar;E:\Program\IDEA\IntelliJ IDEA 2019.3.1\plugins\maven\lib\maven3\repository\org\springframework\boot\spring-boot-starter-web\2.2.2.RELEASE\spring-boot-starter-web-2.2.2.RELEASE.jar;E:\Program\IDEA\IntelliJ IDEA 2019.3.1\plugins\maven\lib\maven3\repository\org\springframework\boot\spring-boot-starter-json\2.2.2.RELEASE\spring-boot-starter-json-2.2.2.RELEASE.jar;E:\Program\IDEA\IntelliJ IDEA 2019.3.1\plugins\maven\lib\maven3\repository\com\fasterxml\jackson\core\jackson-databind\2.10.1\jackson-databind-2.10.1.jar;E:\Program\IDEA\IntelliJ IDEA 2019.3.1\plugins\maven\lib\maven3\repository\com\fasterxml\jackson\core\jackson-annotations\2.10.1\jackson-annotations-2.10.1.jar;E:\Program\IDEA\IntelliJ IDEA 2019.3.1\plugins\maven\lib\maven3\repository\com\fasterxml\jackson\core\jackson-core\2.10.1\jackson-core-2.10.1.jar;E:\Program\IDEA\IntelliJ IDEA 2019.3.1\plugins\maven\lib\maven3\repository\com\fasterxml\jackson\datatype\jackson-datatype-jdk8\2.10.1\jackson-datatype-jdk8-2.10.1.jar;E:\Program\IDEA\IntelliJ IDEA 2019.3.1\plugins\maven\lib\maven3\repository\com\fasterxml\jackson\datatype\jackson-datatype-jsr310\2.10.1\jackson-datatype-jsr310-2.10.1.jar;E:\Program\IDEA\IntelliJ IDEA 2019.3.1\plugins\maven\lib\maven3\repository\com\fasterxml\jackson\module\jackson-module-parameter-names\2.10.1\jackson-module-parameter-names-2.10.1.jar;E:\Program\IDEA\IntelliJ IDEA 2019.3.1\plugins\maven\lib\maven3\repository\org\springframework\boot\spring-boot-starter-validation\2.2.2.RELEASE\spring-boot-starter-validation-2.2.2.RELEASE.jar;E:\Program\IDEA\IntelliJ IDEA 2019.3.1\plugins\maven\lib\maven3\repository\jakarta\validation\jakarta.validation-api\2.0.1\jakarta.validation-api-2.0.1.jar;E:\Program\IDEA\IntelliJ IDEA 2019.3.1\plugins\maven\lib\maven3\repository\org\hibernate\validator\hibernate-validator\6.0.18.Final\hibernate-validator-6.0.18.Final.jar;E:\Program\IDEA\IntelliJ IDEA 2019.3.1\plugins\maven\lib\maven3\repository\org\jboss\logging\jboss-logging\3.4.1.Final\jboss-logging-3.4.1.Final.jar;E:\Program\IDEA\IntelliJ IDEA 2019.3.1\plugins\maven\lib\maven3\repository\com\fasterxml\classmate\1.5.1\classmate-1.5.1.jar;E:\Program\IDEA\IntelliJ IDEA 2019.3.1\plugins\maven\lib\maven3\repository\org\springframework\spring-web\5.2.2.RELEASE\spring-web-5.2.2.RELEASE.jar;E:\Program\IDEA\IntelliJ IDEA 2019.3.1\plugins\maven\lib\maven3\repository\org\springframework\spring-beans\5.2.2.RELEASE\spring-beans-5.2.2.RELEASE.jar;E:\Program\IDEA\IntelliJ IDEA 2019.3.1\plugins\maven\lib\maven3\repository\org\springframework\spring-webmvc\5.2.2.RELEASE\spring-webmvc-5.2.2.RELEASE.jar;E:\Program\IDEA\IntelliJ IDEA 2019.3.1\plugins\maven\lib\maven3\repository\org\springframework\spring-aop\5.2.2.RELEASE\spring-aop-5.2.2.RELEASE.jar;E:\Program\IDEA\IntelliJ IDEA 2019.3.1\plugins\maven\lib\maven3\repository\org\springframework\spring-context\5.2.2.RELEASE\spring-context-5.2.2.RELEASE.jar;E:\Program\IDEA\IntelliJ IDEA 2019.3.1\plugins\maven\lib\maven3\repository\org\springframework\spring-expression\5.2.2.RELEASE\spring-expression-5.2.2.RELEASE.jar;E:\Program\IDEA\IntelliJ IDEA 2019.3.1\plugins\maven\lib\maven3\repository\org\springframework\boot\spring-boot-devtools\2.2.2.RELEASE\spring-boot-devtools-2.2.2.RELEASE.jar;E:\Program\IDEA\IntelliJ IDEA 2019.3.1\plugins\maven\lib\maven3\repository\org\springframework\boot\spring-boot\2.2.2.RELEASE\spring-boot-2.2.2.RELEASE.jar;E:\Program\IDEA\IntelliJ IDEA 2019.3.1\plugins\maven\lib\maven3\repository\org\springframework\boot\spring-boot-autoconfigure\2.2.2.RELEASE\spring-boot-autoconfigure-2.2.2.RELEASE.jar;E:\Program\IDEA\IntelliJ IDEA 2019.3.1\plugins\maven\lib\maven3\repository\org\springframework\boot\spring-boot-starter-test\2.2.2.RELEASE\spring-boot-starter-test-2.2.2.RELEASE.jar;E:\Program\IDEA\IntelliJ IDEA 2019.3.1\plugins\maven\lib\maven3\repository\org\springframework\boot\spring-boot-test\2.2.2.RELEASE\spring-boot-test-2.2.2.RELEASE.jar;E:\Program\IDEA\IntelliJ IDEA 2019.3.1\plugins\maven\lib\maven3\repository\org\springframework\boot\spring-boot-test-autoconfigure\2.2.2.RELEASE\spring-boot-test-autoconfigure-2.2.2.RELEASE.jar;E:\Program\IDEA\IntelliJ IDEA 2019.3.1\plugins\maven\lib\maven3\repository\com\jayway\jsonpath\json-path\2.4.0\json-path-2.4.0.jar;E:\Program\IDEA\IntelliJ IDEA 2019.3.1\plugins\maven\lib\maven3\repository\net\minidev\json-smart\2.3\json-smart-2.3.jar;E:\Program\IDEA\IntelliJ IDEA 2019.3.1\plugins\maven\lib\maven3\repository\net\minidev\accessors-smart\1.2\accessors-smart-1.2.jar;E:\Program\IDEA\IntelliJ IDEA 2019.3.1\plugins\maven\lib\maven3\repository\org\ow2\asm\asm\5.0.4\asm-5.0.4.jar;E:\Program\IDEA\IntelliJ IDEA 2019.3.1\plugins\maven\lib\maven3\repository\jakarta\xml\bind\jakarta.xml.bind-api\2.3.2\jakarta.xml.bind-api-2.3.2.jar;E:\Program\IDEA\IntelliJ IDEA 2019.3.1\plugins\maven\lib\maven3\repository\jakarta\activation\jakarta.activation-api\1.2.1\jakarta.activation-api-1.2.1.jar;E:\Program\IDEA\IntelliJ IDEA 2019.3.1\plugins\maven\lib\maven3\repository\org\junit\jupiter\junit-jupiter\5.5.2\junit-jupiter-5.5.2.jar;E:\Program\IDEA\IntelliJ IDEA 2019.3.1\plugins\maven\lib\maven3\repository\org\junit\jupiter\junit-jupiter-api\5.5.2\junit-jupiter-api-5.5.2.jar;E:\Program\IDEA\IntelliJ IDEA 2019.3.1\plugins\maven\lib\maven3\repository\org\apiguardian\apiguardian-api\1.1.0\apiguardian-api-1.1.0.jar;E:\Program\IDEA\IntelliJ IDEA 2019.3.1\plugins\maven\lib\maven3\repository\org\opentest4j\opentest4j\1.2.0\opentest4j-1.2.0.jar;E:\Program\IDEA\IntelliJ IDEA 2019.3.1\plugins\maven\lib\maven3\repository\org\junit\platform\junit-platform-commons\1.5.2\junit-platform-commons-1.5.2.jar;E:\Program\IDEA\IntelliJ IDEA 2019.3.1\plugins\maven\lib\maven3\repository\org\junit\jupiter\junit-jupiter-params\5.5.2\junit-jupiter-params-5.5.2.jar;E:\Program\IDEA\IntelliJ IDEA 2019.3.1\plugins\maven\lib\maven3\repository\org\junit\jupiter\junit-jupiter-engine\5.5.2\junit-jupiter-engine-5.5.2.jar;E:\Program\IDEA\IntelliJ IDEA 2019.3.1\plugins\maven\lib\maven3\repository\org\junit\platform\junit-platform-engine\1.5.2\junit-platform-engine-1.5.2.jar;E:\Program\IDEA\IntelliJ IDEA 2019.3.1\plugins\maven\lib\maven3\repository\org\mockito\mockito-junit-jupiter\3.1.0\mockito-junit-jupiter-3.1.0.jar;E:\Program\IDEA\IntelliJ IDEA 2019.3.1\plugins\maven\lib\maven3\repository\org\assertj\assertj-core\3.13.2\assertj-core-3.13.2.jar;E:\Program\IDEA\IntelliJ IDEA 2019.3.1\plugins\maven\lib\maven3\repository\org\hamcrest\hamcrest\2.1\hamcrest-2.1.jar;E:\Program\IDEA\IntelliJ IDEA 2019.3.1\plugins\maven\lib\maven3\repository\org\mockito\mockito-core\3.1.0\mockito-core-3.1.0.jar;E:\Program\IDEA\IntelliJ IDEA 2019.3.1\plugins\maven\lib\maven3\repository\net\bytebuddy\byte-buddy\1.10.4\byte-buddy-1.10.4.jar;E:\Program\IDEA\IntelliJ IDEA 2019.3.1\plugins\maven\lib\maven3\repository\net\bytebuddy\byte-buddy-agent\1.10.4\byte-buddy-agent-1.10.4.jar;E:\Program\IDEA\IntelliJ IDEA 2019.3.1\plugins\maven\lib\maven3\repository\org\objenesis\objenesis\2.6\objenesis-2.6.jar;E:\Program\IDEA\IntelliJ IDEA 2019.3.1\plugins\maven\lib\maven3\repository\org\skyscreamer\jsonassert\1.5.0\jsonassert-1.5.0.jar;E:\Program\IDEA\IntelliJ IDEA 2019.3.1\plugins\maven\lib\maven3\repository\com\vaadin\external\google\android-json\0.0.20131108.vaadin1\android-json-0.0.20131108.vaadin1.jar;E:\Program\IDEA\IntelliJ IDEA 2019.3.1\plugins\maven\lib\maven3\repository\org\springframework\spring-core\5.2.2.RELEASE\spring-core-5.2.2.RELEASE.jar;E:\Program\IDEA\IntelliJ IDEA 2019.3.1\plugins\maven\lib\maven3\repository\org\springframework\spring-jcl\5.2.2.RELEASE\spring-jcl-5.2.2.RELEASE.jar;E:\Program\IDEA\IntelliJ IDEA 2019.3.1\plugins\maven\lib\maven3\repository\org\springframework\spring-test\5.2.2.RELEASE\spring-test-5.2.2.RELEASE.jar;E:\Program\IDEA\IntelliJ IDEA 2019.3.1\plugins\maven\lib\maven3\repository\org\xmlunit\xmlunit-core\2.6.3\xmlunit-core-2.6.3.jar;E:\Program\IDEA\IntelliJ IDEA 2019.3.1\plugins\maven\lib\maven3\repository\org\springframework\boot\spring-boot-starter-tomcat\2.2.2.RELEASE\spring-boot-starter-tomcat-2.2.2.RELEASE.jar;E:\Program\IDEA\IntelliJ IDEA 2019.3.1\plugins\maven\lib\maven3\repository\jakarta\annotation\jakarta.annotation-api\1.3.5\jakarta.annotation-api-1.3.5.jar;E:\Program\IDEA\IntelliJ IDEA 2019.3.1\plugins\maven\lib\maven3\repository\org\apache\tomcat\embed\tomcat-embed-core\9.0.29\tomcat-embed-core-9.0.29.jar;E:\Program\IDEA\IntelliJ IDEA 2019.3.1\plugins\maven\lib\maven3\repository\org\apache\tomcat\embed\tomcat-embed-el\9.0.29\tomcat-embed-el-9.0.29.jar;E:\Program\IDEA\IntelliJ IDEA 2019.3.1\plugins\maven\lib\maven3\repository\org\apache\tomcat\embed\tomcat-embed-websocket\9.0.29\tomcat-embed-websocket-9.0.29.jar;"/>
    <property name="java.vm.vendor" value="JetBrains s.r.o"/>
    <property name="sun.arch.data.model" value="64"/>
    <property name="user.variant" value=""/>
    <property name="java.vendor.url" value="https://www.jetbrains.com/"/>
    <property name="user.timezone" value="America/Los_Angeles"/>
    <property name="java.vm.specification.version" value="11"/>
    <property name="os.name" value="Windows 10"/>
    <property name="sun.java.launcher" value="SUN_STANDARD"/>
    <property name="user.country" value="US"/>
    <property name="sun.boot.library.path" value="E:\Program\IDEA\IntelliJ IDEA 2019.3.1\jbr\bin"/>
    <property name="sun.java.command" value="C:\Users\22937\AppData\Local\Temp\surefire893055987798783683\surefirebooter9437690773174098432.jar C:\Users\22937\AppData\Local\Temp\surefire893055987798783683 2020-01-10T23-04-50_957-jvmRun1 surefire9727704083919144149tmp surefire_017939005206239831129tmp"/>
    <property name="jdk.debug" value="release"/>
    <property name="surefire.test.class.path" value="D:\Document\Todo\SpringBootUploadFile\upload_file\target\test-classes;D:\Document\Todo\SpringBootUploadFile\upload_file\target\classes;E:\Program\IDEA\IntelliJ IDEA 2019.3.1\plugins\maven\lib\maven3\repository\org\springframework\boot\spring-boot-starter-thymeleaf\2.2.2.RELEASE\spring-boot-starter-thymeleaf-2.2.2.RELEASE.jar;E:\Program\IDEA\IntelliJ IDEA 2019.3.1\plugins\maven\lib\maven3\repository\org\springframework\boot\spring-boot-starter\2.2.2.RELEASE\spring-boot-starter-2.2.2.RELEASE.jar;E:\Program\IDEA\IntelliJ IDEA 2019.3.1\plugins\maven\lib\maven3\repository\org\springframework\boot\spring-boot-starter-logging\2.2.2.RELEASE\spring-boot-starter-logging-2.2.2.RELEASE.jar;E:\Program\IDEA\IntelliJ IDEA 2019.3.1\plugins\maven\lib\maven3\repository\ch\qos\logback\logback-classic\1.2.3\logback-classic-1.2.3.jar;E:\Program\IDEA\IntelliJ IDEA 2019.3.1\plugins\maven\lib\maven3\repository\ch\qos\logback\logback-core\1.2.3\logback-core-1.2.3.jar;E:\Program\IDEA\IntelliJ IDEA 2019.3.1\plugins\maven\lib\maven3\repository\org\apache\logging\log4j\log4j-to-slf4j\2.12.1\log4j-to-slf4j-2.12.1.jar;E:\Program\IDEA\IntelliJ IDEA 2019.3.1\plugins\maven\lib\maven3\repository\org\apache\logging\log4j\log4j-api\2.12.1\log4j-api-2.12.1.jar;E:\Program\IDEA\IntelliJ IDEA 2019.3.1\plugins\maven\lib\maven3\repository\org\slf4j\jul-to-slf4j\1.7.29\jul-to-slf4j-1.7.29.jar;E:\Program\IDEA\IntelliJ IDEA 2019.3.1\plugins\maven\lib\maven3\repository\org\yaml\snakeyaml\1.25\snakeyaml-1.25.jar;E:\Program\IDEA\IntelliJ IDEA 2019.3.1\plugins\maven\lib\maven3\repository\org\thymeleaf\thymeleaf-spring5\3.0.11.RELEASE\thymeleaf-spring5-3.0.11.RELEASE.jar;E:\Program\IDEA\IntelliJ IDEA 2019.3.1\plugins\maven\lib\maven3\repository\org\thymeleaf\thymeleaf\3.0.11.RELEASE\thymeleaf-3.0.11.RELEASE.jar;E:\Program\IDEA\IntelliJ IDEA 2019.3.1\plugins\maven\lib\maven3\repository\org\attoparser\attoparser\2.0.5.RELEASE\attoparser-2.0.5.RELEASE.jar;E:\Program\IDEA\IntelliJ IDEA 2019.3.1\plugins\maven\lib\maven3\repository\org\unbescape\unbescape\1.1.6.RELEASE\unbescape-1.1.6.RELEASE.jar;E:\Program\IDEA\IntelliJ IDEA 2019.3.1\plugins\maven\lib\maven3\repository\org\slf4j\slf4j-api\1.7.29\slf4j-api-1.7.29.jar;E:\Program\IDEA\IntelliJ IDEA 2019.3.1\plugins\maven\lib\maven3\repository\org\thymeleaf\extras\thymeleaf-extras-java8time\3.0.4.RELEASE\thymeleaf-extras-java8time-3.0.4.RELEASE.jar;E:\Program\IDEA\IntelliJ IDEA 2019.3.1\plugins\maven\lib\maven3\repository\org\springframework\boot\spring-boot-starter-web\2.2.2.RELEASE\spring-boot-starter-web-2.2.2.RELEASE.jar;E:\Program\IDEA\IntelliJ IDEA 2019.3.1\plugins\maven\lib\maven3\repository\org\springframework\boot\spring-boot-starter-json\2.2.2.RELEASE\spring-boot-starter-json-2.2.2.RELEASE.jar;E:\Program\IDEA\IntelliJ IDEA 2019.3.1\plugins\maven\lib\maven3\repository\com\fasterxml\jackson\core\jackson-databind\2.10.1\jackson-databind-2.10.1.jar;E:\Program\IDEA\IntelliJ IDEA 2019.3.1\plugins\maven\lib\maven3\repository\com\fasterxml\jackson\core\jackson-annotations\2.10.1\jackson-annotations-2.10.1.jar;E:\Program\IDEA\IntelliJ IDEA 2019.3.1\plugins\maven\lib\maven3\repository\com\fasterxml\jackson\core\jackson-core\2.10.1\jackson-core-2.10.1.jar;E:\Program\IDEA\IntelliJ IDEA 2019.3.1\plugins\maven\lib\maven3\repository\com\fasterxml\jackson\datatype\jackson-datatype-jdk8\2.10.1\jackson-datatype-jdk8-2.10.1.jar;E:\Program\IDEA\IntelliJ IDEA 2019.3.1\plugins\maven\lib\maven3\repository\com\fasterxml\jackson\datatype\jackson-datatype-jsr310\2.10.1\jackson-datatype-jsr310-2.10.1.jar;E:\Program\IDEA\IntelliJ IDEA 2019.3.1\plugins\maven\lib\maven3\repository\com\fasterxml\jackson\module\jackson-module-parameter-names\2.10.1\jackson-module-parameter-names-2.10.1.jar;E:\Program\IDEA\IntelliJ IDEA 2019.3.1\plugins\maven\lib\maven3\repository\org\springframework\boot\spring-boot-starter-validation\2.2.2.RELEASE\spring-boot-starter-validation-2.2.2.RELEASE.jar;E:\Program\IDEA\IntelliJ IDEA 2019.3.1\plugins\maven\lib\maven3\repository\jakarta\validation\jakarta.validation-api\2.0.1\jakarta.validation-api-2.0.1.jar;E:\Program\IDEA\IntelliJ IDEA 2019.3.1\plugins\maven\lib\maven3\repository\org\hibernate\validator\hibernate-validator\6.0.18.Final\hibernate-validator-6.0.18.Final.jar;E:\Program\IDEA\IntelliJ IDEA 2019.3.1\plugins\maven\lib\maven3\repository\org\jboss\logging\jboss-logging\3.4.1.Final\jboss-logging-3.4.1.Final.jar;E:\Program\IDEA\IntelliJ IDEA 2019.3.1\plugins\maven\lib\maven3\repository\com\fasterxml\classmate\1.5.1\classmate-1.5.1.jar;E:\Program\IDEA\IntelliJ IDEA 2019.3.1\plugins\maven\lib\maven3\repository\org\springframework\spring-web\5.2.2.RELEASE\spring-web-5.2.2.RELEASE.jar;E:\Program\IDEA\IntelliJ IDEA 2019.3.1\plugins\maven\lib\maven3\repository\org\springframework\spring-beans\5.2.2.RELEASE\spring-beans-5.2.2.RELEASE.jar;E:\Program\IDEA\IntelliJ IDEA 2019.3.1\plugins\maven\lib\maven3\repository\org\springframework\spring-webmvc\5.2.2.RELEASE\spring-webmvc-5.2.2.RELEASE.jar;E:\Program\IDEA\IntelliJ IDEA 2019.3.1\plugins\maven\lib\maven3\repository\org\springframework\spring-aop\5.2.2.RELEASE\spring-aop-5.2.2.RELEASE.jar;E:\Program\IDEA\IntelliJ IDEA 2019.3.1\plugins\maven\lib\maven3\repository\org\springframework\spring-context\5.2.2.RELEASE\spring-context-5.2.2.RELEASE.jar;E:\Program\IDEA\IntelliJ IDEA 2019.3.1\plugins\maven\lib\maven3\repository\org\springframework\spring-expression\5.2.2.RELEASE\spring-expression-5.2.2.RELEASE.jar;E:\Program\IDEA\IntelliJ IDEA 2019.3.1\plugins\maven\lib\maven3\repository\org\springframework\boot\spring-boot-devtools\2.2.2.RELEASE\spring-boot-devtools-2.2.2.RELEASE.jar;E:\Program\IDEA\IntelliJ IDEA 2019.3.1\plugins\maven\lib\maven3\repository\org\springframework\boot\spring-boot\2.2.2.RELEASE\spring-boot-2.2.2.RELEASE.jar;E:\Program\IDEA\IntelliJ IDEA 2019.3.1\plugins\maven\lib\maven3\repository\org\springframework\boot\spring-boot-autoconfigure\2.2.2.RELEASE\spring-boot-autoconfigure-2.2.2.RELEASE.jar;E:\Program\IDEA\IntelliJ IDEA 2019.3.1\plugins\maven\lib\maven3\repository\org\springframework\boot\spring-boot-starter-test\2.2.2.RELEASE\spring-boot-starter-test-2.2.2.RELEASE.jar;E:\Program\IDEA\IntelliJ IDEA 2019.3.1\plugins\maven\lib\maven3\repository\org\springframework\boot\spring-boot-test\2.2.2.RELEASE\spring-boot-test-2.2.2.RELEASE.jar;E:\Program\IDEA\IntelliJ IDEA 2019.3.1\plugins\maven\lib\maven3\repository\org\springframework\boot\spring-boot-test-autoconfigure\2.2.2.RELEASE\spring-boot-test-autoconfigure-2.2.2.RELEASE.jar;E:\Program\IDEA\IntelliJ IDEA 2019.3.1\plugins\maven\lib\maven3\repository\com\jayway\jsonpath\json-path\2.4.0\json-path-2.4.0.jar;E:\Program\IDEA\IntelliJ IDEA 2019.3.1\plugins\maven\lib\maven3\repository\net\minidev\json-smart\2.3\json-smart-2.3.jar;E:\Program\IDEA\IntelliJ IDEA 2019.3.1\plugins\maven\lib\maven3\repository\net\minidev\accessors-smart\1.2\accessors-smart-1.2.jar;E:\Program\IDEA\IntelliJ IDEA 2019.3.1\plugins\maven\lib\maven3\repository\org\ow2\asm\asm\5.0.4\asm-5.0.4.jar;E:\Program\IDEA\IntelliJ IDEA 2019.3.1\plugins\maven\lib\maven3\repository\jakarta\xml\bind\jakarta.xml.bind-api\2.3.2\jakarta.xml.bind-api-2.3.2.jar;E:\Program\IDEA\IntelliJ IDEA 2019.3.1\plugins\maven\lib\maven3\repository\jakarta\activation\jakarta.activation-api\1.2.1\jakarta.activation-api-1.2.1.jar;E:\Program\IDEA\IntelliJ IDEA 2019.3.1\plugins\maven\lib\maven3\repository\org\junit\jupiter\junit-jupiter\5.5.2\junit-jupiter-5.5.2.jar;E:\Program\IDEA\IntelliJ IDEA 2019.3.1\plugins\maven\lib\maven3\repository\org\junit\jupiter\junit-jupiter-api\5.5.2\junit-jupiter-api-5.5.2.jar;E:\Program\IDEA\IntelliJ IDEA 2019.3.1\plugins\maven\lib\maven3\repository\org\apiguardian\apiguardian-api\1.1.0\apiguardian-api-1.1.0.jar;E:\Program\IDEA\IntelliJ IDEA 2019.3.1\plugins\maven\lib\maven3\repository\org\opentest4j\opentest4j\1.2.0\opentest4j-1.2.0.jar;E:\Program\IDEA\IntelliJ IDEA 2019.3.1\plugins\maven\lib\maven3\repository\org\junit\platform\junit-platform-commons\1.5.2\junit-platform-commons-1.5.2.jar;E:\Program\IDEA\IntelliJ IDEA 2019.3.1\plugins\maven\lib\maven3\repository\org\junit\jupiter\junit-jupiter-params\5.5.2\junit-jupiter-params-5.5.2.jar;E:\Program\IDEA\IntelliJ IDEA 2019.3.1\plugins\maven\lib\maven3\repository\org\junit\jupiter\junit-jupiter-engine\5.5.2\junit-jupiter-engine-5.5.2.jar;E:\Program\IDEA\IntelliJ IDEA 2019.3.1\plugins\maven\lib\maven3\repository\org\junit\platform\junit-platform-engine\1.5.2\junit-platform-engine-1.5.2.jar;E:\Program\IDEA\IntelliJ IDEA 2019.3.1\plugins\maven\lib\maven3\repository\org\mockito\mockito-junit-jupiter\3.1.0\mockito-junit-jupiter-3.1.0.jar;E:\Program\IDEA\IntelliJ IDEA 2019.3.1\plugins\maven\lib\maven3\repository\org\assertj\assertj-core\3.13.2\assertj-core-3.13.2.jar;E:\Program\IDEA\IntelliJ IDEA 2019.3.1\plugins\maven\lib\maven3\repository\org\hamcrest\hamcrest\2.1\hamcrest-2.1.jar;E:\Program\IDEA\IntelliJ IDEA 2019.3.1\plugins\maven\lib\maven3\repository\org\mockito\mockito-core\3.1.0\mockito-core-3.1.0.jar;E:\Program\IDEA\IntelliJ IDEA 2019.3.1\plugins\maven\lib\maven3\repository\net\bytebuddy\byte-buddy\1.10.4\byte-buddy-1.10.4.jar;E:\Program\IDEA\IntelliJ IDEA 2019.3.1\plugins\maven\lib\maven3\repository\net\bytebuddy\byte-buddy-agent\1.10.4\byte-buddy-agent-1.10.4.jar;E:\Program\IDEA\IntelliJ IDEA 2019.3.1\plugins\maven\lib\maven3\repository\org\objenesis\objenesis\2.6\objenesis-2.6.jar;E:\Program\IDEA\IntelliJ IDEA 2019.3.1\plugins\maven\lib\maven3\repository\org\skyscreamer\jsonassert\1.5.0\jsonassert-1.5.0.jar;E:\Program\IDEA\IntelliJ IDEA 2019.3.1\plugins\maven\lib\maven3\repository\com\vaadin\external\google\android-json\0.0.20131108.vaadin1\android-json-0.0.20131108.vaadin1.jar;E:\Program\IDEA\IntelliJ IDEA 2019.3.1\plugins\maven\lib\maven3\repository\org\springframework\spring-core\5.2.2.RELEASE\spring-core-5.2.2.RELEASE.jar;E:\Program\IDEA\IntelliJ IDEA 2019.3.1\plugins\maven\lib\maven3\repository\org\springframework\spring-jcl\5.2.2.RELEASE\spring-jcl-5.2.2.RELEASE.jar;E:\Program\IDEA\IntelliJ IDEA 2019.3.1\plugins\maven\lib\maven3\repository\org\springframework\spring-test\5.2.2.RELEASE\spring-test-5.2.2.RELEASE.jar;E:\Program\IDEA\IntelliJ IDEA 2019.3.1\plugins\maven\lib\maven3\repository\org\xmlunit\xmlunit-core\2.6.3\xmlunit-core-2.6.3.jar;E:\Program\IDEA\IntelliJ IDEA 2019.3.1\plugins\maven\lib\maven3\repository\org\springframework\boot\spring-boot-starter-tomcat\2.2.2.RELEASE\spring-boot-starter-tomcat-2.2.2.RELEASE.jar;E:\Program\IDEA\IntelliJ IDEA 2019.3.1\plugins\maven\lib\maven3\repository\jakarta\annotation\jakarta.annotation-api\1.3.5\jakarta.annotation-api-1.3.5.jar;E:\Program\IDEA\IntelliJ IDEA 2019.3.1\plugins\maven\lib\maven3\repository\org\apache\tomcat\embed\tomcat-embed-core\9.0.29\tomcat-embed-core-9.0.29.jar;E:\Program\IDEA\IntelliJ IDEA 2019.3.1\plugins\maven\lib\maven3\repository\org\apache\tomcat\embed\tomcat-embed-el\9.0.29\tomcat-embed-el-9.0.29.jar;E:\Program\IDEA\IntelliJ IDEA 2019.3.1\plugins\maven\lib\maven3\repository\org\apache\tomcat\embed\tomcat-embed-websocket\9.0.29\tomcat-embed-websocket-9.0.29.jar;"/>
    <property name="sun.cpu.endian" value="little"/>
    <property name="user.home" value="C:\Users\22937"/>
    <property name="user.language" value="en"/>
    <property name="java.specification.vendor" value="Oracle Corporation"/>
    <property name="java.version.date" value="2019-10-15"/>
    <property name="java.home" value="E:\Program\IDEA\IntelliJ IDEA 2019.3.1\jbr"/>
    <property name="file.separator" value="\"/>
    <property name="basedir" value="D:\Document\Todo\SpringBootUploadFile\upload_file"/>
    <property name="java.vm.compressedOopsMode" value="32-bit"/>
    <property name="line.separator" value="&#10;"/>
    <property name="java.specification.name" value="Java Platform API Specification"/>
    <property name="java.vm.specification.vendor" value="Oracle Corporation"/>
    <property name="java.awt.graphicsenv" value="sun.awt.Win32GraphicsEnvironment"/>
    <property name="surefire.real.class.path" value="C:\Users\22937\AppData\Local\Temp\surefire893055987798783683\surefirebooter9437690773174098432.jar"/>
    <property name="user.script" value=""/>
    <property name="sun.management.compiler" value="HotSpot 64-Bit Tiered Compilers"/>
    <property name="java.runtime.version" value="11.0.5+10-b520.17"/>
    <property name="user.name" value="22937"/>
    <property name="path.separator" value=";"/>
    <property name="os.version" value="10.0"/>
    <property name="java.runtime.name" value="OpenJDK Runtime Environment"/>
    <property name="file.encoding" value="Cp1252"/>
    <property name="java.vm.name" value="OpenJDK 64-Bit Server VM"/>
    <property name="localRepository" value="E:\Program\IDEA\IntelliJ IDEA 2019.3.1\plugins\maven\lib\maven3\repository"/>
    <property name="java.vendor.url.bug" value="https://youtrack.jetbrains.com"/>
    <property name="java.io.tmpdir" value="C:\Users\22937\AppData\Local\Temp\"/>
    <property name="java.version" value="11.0.5"/>
    <property name="user.dir" value="D:\Document\Todo\SpringBootUploadFile\upload_file"/>
    <property name="os.arch" value="amd64"/>
    <property name="java.vm.specification.name" value="Java Virtual Machine Specification"/>
    <property name="java.awt.printerjob" value="sun.awt.windows.WPrinterJob"/>
    <property name="idea.version2019.3.1" value="true"/>
    <property name="sun.os.patch.level" value=""/>
    <property name="java.library.path" value="E:\Program\IDEA\IntelliJ IDEA 2019.3.1\jbr\bin;C:\Windows\Sun\Java\bin;C:\Windows\system32;C:\Windows;C:\Windows\system32;C:\Windows;C:\Windows\System32\Wbem;C:\Windows\System32\WindowsPowerShell\v1.0\;C:\Windows\System32\OpenSSH\;E:\Program\JDK\bin;E:\Program\mysql\bin;E:\Program\Tomcat\lib;E:\Program\Tomcat\bin;C:\Users\22937\AppData\Local\Programs\Python\Python38\Scripts\;C:\Users\22937\AppData\Local\Programs\Python\Python38\;C:\Users\22937\AppData\Local\Microsoft\WindowsApps;E:\Tool\bandzip\;E:\Program\VScode\Microsoft VS Code\bin;."/>
    <property name="java.vendor" value="JetBrains s.r.o"/>
    <property name="java.vm.info" value="mixed mode, sharing"/>
    <property name="java.vm.version" value="11.0.5+10-b520.17"/>
    <property name="sun.io.unicode.encoding" value="UnicodeLittle"/>
    <property name="java.class.version" value="55.0"/>
  </properties>
  <testcase name="contextLoads" classname="kr.test.TestApplicationTests" time="0.364"/>
</testsuite>